Traceback (most recent call last):
  File "C:\Users\seanc\AppData\Roaming\Python\Python38\site-packages\jupyter_cache\executors\utils.py", line 51, in single_nb_execution
    executenb(
  File "C:\Users\seanc\AppData\Roaming\Python\Python38\site-packages\nbclient\client.py", line 1117, in execute
    return NotebookClient(nb=nb, resources=resources, km=km, **kwargs).execute()
  File "C:\Users\seanc\AppData\Roaming\Python\Python38\site-packages\nbclient\util.py", line 78, in wrapped
    return just_run(coro(*args, **kwargs))
  File "C:\Users\seanc\AppData\Roaming\Python\Python38\site-packages\nbclient\util.py", line 57, in just_run
    return loop.run_until_complete(coro)
  File "C:\Users\seanc\AppData\Local\Programs\Python\Python38\lib\asyncio\base_events.py", line 616, in run_until_complete
    return future.result()
  File "C:\Users\seanc\AppData\Roaming\Python\Python38\site-packages\nbclient\client.py", line 558, in async_execute
    await self.async_execute_cell(
  File "C:\Users\seanc\AppData\Roaming\Python\Python38\site-packages\nbclient\client.py", line 862, in async_execute_cell
    self._check_raise_for_error(cell, exec_reply)
  File "C:\Users\seanc\AppData\Roaming\Python\Python38\site-packages\nbclient\client.py", line 765, in _check_raise_for_error
    raise CellExecutionError.from_cell_and_msg(cell, exec_reply_content)
nbclient.exceptions.CellExecutionError: An error occurred while executing the following cell:
------------------
avg_diff_trees.to_csv('data/cleaned/rnd_forest/avg_vary_trees.csv', index=True)
------------------

[1;31m---------------------------------------------------------------------------[0m
[1;31mFileNotFoundError[0m                         Traceback (most recent call last)
[1;32m~\AppData\Local\Temp/ipykernel_17516/564856499.py[0m in [0;36m<module>[1;34m[0m
[1;32m----> 1[1;33m [0mavg_diff_trees[0m[1;33m.[0m[0mto_csv[0m[1;33m([0m[1;34m'data/cleaned/rnd_forest/avg_vary_trees.csv'[0m[1;33m,[0m [0mindex[0m[1;33m=[0m[1;32mTrue[0m[1;33m)[0m[1;33m[0m[1;33m[0m[0m
[0m
[1;32m~\AppData\Roaming\Python\Python38\site-packages\pandas\core\generic.py[0m in [0;36mto_csv[1;34m(self, path_or_buf, sep, na_rep, float_format, columns, header, index, index_label, mode, encoding, compression, quoting, quotechar, line_terminator, chunksize, date_format, doublequote, escapechar, decimal)[0m
[0;32m   3202[0m             [0mdecimal[0m[1;33m=[0m[0mdecimal[0m[1;33m,[0m[1;33m[0m[1;33m[0m[0m
[0;32m   3203[0m         )
[1;32m-> 3204[1;33m         [0mformatter[0m[1;33m.[0m[0msave[0m[1;33m([0m[1;33m)[0m[1;33m[0m[1;33m[0m[0m
[0m[0;32m   3205[0m [1;33m[0m[0m
[0;32m   3206[0m         [1;32mif[0m [0mpath_or_buf[0m [1;32mis[0m [1;32mNone[0m[1;33m:[0m[1;33m[0m[1;33m[0m[0m

[1;32m~\AppData\Roaming\Python\Python38\site-packages\pandas\io\formats\csvs.py[0m in [0;36msave[1;34m(self)[0m
[0;32m    182[0m             [0mclose[0m [1;33m=[0m [1;32mFalse[0m[1;33m[0m[1;33m[0m[0m
[0;32m    183[0m         [1;32melse[0m[1;33m:[0m[1;33m[0m[1;33m[0m[0m
[1;32m--> 184[1;33m             f, handles = get_handle(
[0m[0;32m    185[0m                 [0mself[0m[1;33m.[0m[0mpath_or_buf[0m[1;33m,[0m[1;33m[0m[1;33m[0m[0m
[0;32m    186[0m                 [0mself[0m[1;33m.[0m[0mmode[0m[1;33m,[0m[1;33m[0m[1;33m[0m[0m

[1;32m~\AppData\Roaming\Python\Python38\site-packages\pandas\io\common.py[0m in [0;36mget_handle[1;34m(path_or_buf, mode, encoding, compression, memory_map, is_text)[0m
[0;32m    426[0m         [1;32mif[0m [0mencoding[0m[1;33m:[0m[1;33m[0m[1;33m[0m[0m
[0;32m    427[0m             [1;31m# Encoding[0m[1;33m[0m[1;33m[0m[1;33m[0m[0m
[1;32m--> 428[1;33m             [0mf[0m [1;33m=[0m [0mopen[0m[1;33m([0m[0mpath_or_buf[0m[1;33m,[0m [0mmode[0m[1;33m,[0m [0mencoding[0m[1;33m=[0m[0mencoding[0m[1;33m,[0m [0mnewline[0m[1;33m=[0m[1;34m""[0m[1;33m)[0m[1;33m[0m[1;33m[0m[0m
[0m[0;32m    429[0m         [1;32melif[0m [0mis_text[0m[1;33m:[0m[1;33m[0m[1;33m[0m[0m
[0;32m    430[0m             [1;31m# No explicit encoding[0m[1;33m[0m[1;33m[0m[1;33m[0m[0m

[1;31mFileNotFoundError[0m: [Errno 2] No such file or directory: 'data/cleaned/rnd_forest/avg_vary_trees.csv'
FileNotFoundError: [Errno 2] No such file or directory: 'data/cleaned/rnd_forest/avg_vary_trees.csv'

